<?xml version="1.0" encoding="UTF-8"?>
<!-- Generated by org.testng.reporters.JUnitReportReporter -->
<testsuite skipped="0" hostname="DESKTOP-LOSER" name="com.maurya.sample.TestNG" tests="1" failures="0" timestamp="09 Mar 2019 04:11:57 GMT" time="0.014" errors="0">
  <testcase name="returnName" time="0.014" classname="com.maurya.sample.TestNG"/>
</testsuite> <!-- com.maurya.sample.TestNG -->
